<?xml version="1.0" encoding="UTF-8"?>
<testng-results ignored="0" total="1" passed="1" failed="0" skipped="0">
  <reporter-output>
  </reporter-output>
  <suite started-at="2023-03-29T15:36:02 IST" name="Suite" finished-at="2023-03-29T15:36:22 IST" duration-ms="20374">
    <groups>
    </groups>
    <test started-at="2023-03-29T15:36:02 IST" name="Test" finished-at="2023-03-29T15:36:22 IST" duration-ms="20374">
      <class name="ddt.ChildTest">
        <test-method is-config="true" signature="logIn()[pri:0, instance:ddt.ChildTest@6631f5ca]" started-at="2023-03-29T15:35:21 IST" name="logIn" finished-at="2023-03-29T15:36:02 IST" duration-ms="40742" status="PASS">
          <reporter-output>
          </reporter-output>
        </test-method> <!-- logIn -->
        <test-method signature="homePage()[pri:0, instance:ddt.ChildTest@6631f5ca]" started-at="2023-03-29T15:36:02 IST" name="homePage" finished-at="2023-03-29T15:36:22 IST" duration-ms="20332" status="PASS">
          <reporter-output>
          </reporter-output>
        </test-method> <!-- homePage -->
        <test-method is-config="true" signature="logOut()[pri:0, instance:ddt.ChildTest@6631f5ca]" started-at="2023-03-29T15:36:22 IST" name="logOut" finished-at="2023-03-29T15:36:22 IST" duration-ms="0" status="PASS">
          <reporter-output>
          </reporter-output>
        </test-method> <!-- logOut -->
      </class> <!-- ddt.ChildTest -->
    </test> <!-- Test -->
  </suite> <!-- Suite -->
</testng-results>
